{"C:\\Users\\Nikhil\\Documents\\GitHub\\BadgerScalp\\tests\\auth.test.js":{"path":"C:\\Users\\Nikhil\\Documents\\GitHub\\BadgerScalp\\tests\\auth.test.js","s":{"1":1,"2":0,"3":0,"4":0,"5":0,"6":0,"7":0,"8":0,"9":0,"10":0,"11":0,"12":0,"13":0,"14":0,"15":0,"16":0,"17":0,"18":0,"19":0,"20":0,"21":0,"22":0,"23":0,"24":0,"25":0,"26":0,"27":0,"28":0,"29":0,"30":0,"31":0,"32":0,"33":0,"34":0,"35":0,"36":0,"37":0,"38":0,"39":0,"40":0,"41":0,"42":0,"43":0,"44":0,"45":0,"46":0,"47":0,"48":0,"49":0,"50":0,"51":0,"52":0,"53":0,"54":0,"55":0,"56":0,"57":0,"58":0,"59":0,"60":0,"61":0,"62":0,"63":0,"64":0,"65":0,"66":0,"67":0,"68":0,"69":0,"70":0,"71":0,"72":0,"73":0,"74":0,"75":0,"76":0,"77":0,"78":0,"79":0,"80":0,"81":0,"82":0,"83":0,"84":0,"85":0,"86":0,"87":0},"b":{},"f":{"1":0,"2":0,"3":0,"4":0,"5":0,"6":0,"7":0,"8":0,"9":0,"10":0,"11":0,"12":0,"13":0,"14":0,"15":0,"16":0,"17":0,"18":0,"19":0,"20":0,"21":0,"22":0,"23":0,"24":0,"25":0,"26":0,"27":0,"28":0},"fnMap":{"1":{"name":"(anonymous_1)","line":1,"loc":{"start":{"line":1,"column":33},"end":{"line":1,"column":44}}},"2":{"name":"(anonymous_2)","line":4,"loc":{"start":{"line":4,"column":15},"end":{"line":4,"column":26}}},"3":{"name":"(anonymous_3)","line":17,"loc":{"start":{"line":17,"column":37},"end":{"line":17,"column":48}}},"4":{"name":"(anonymous_4)","line":21,"loc":{"start":{"line":21,"column":82},"end":{"line":21,"column":93}}},"5":{"name":"(anonymous_5)","line":32,"loc":{"start":{"line":32,"column":33},"end":{"line":32,"column":44}}},"6":{"name":"(anonymous_6)","line":33,"loc":{"start":{"line":33,"column":23},"end":{"line":33,"column":34}}},"7":{"name":"(anonymous_7)","line":42,"loc":{"start":{"line":42,"column":70},"end":{"line":42,"column":81}}},"8":{"name":"(anonymous_8)","line":58,"loc":{"start":{"line":58,"column":36},"end":{"line":58,"column":47}}},"9":{"name":"(anonymous_9)","line":59,"loc":{"start":{"line":59,"column":23},"end":{"line":59,"column":34}}},"10":{"name":"(anonymous_10)","line":65,"loc":{"start":{"line":65,"column":32},"end":{"line":65,"column":43}}},"11":{"name":"(anonymous_11)","line":66,"loc":{"start":{"line":66,"column":23},"end":{"line":66,"column":34}}},"12":{"name":"(anonymous_12)","line":68,"loc":{"start":{"line":68,"column":42},"end":{"line":68,"column":53}}},"13":{"name":"(anonymous_13)","line":81,"loc":{"start":{"line":81,"column":33},"end":{"line":81,"column":44}}},"14":{"name":"(anonymous_14)","line":82,"loc":{"start":{"line":82,"column":23},"end":{"line":82,"column":34}}},"15":{"name":"(anonymous_15)","line":91,"loc":{"start":{"line":91,"column":69},"end":{"line":91,"column":80}}},"16":{"name":"(anonymous_16)","line":99,"loc":{"start":{"line":99,"column":33},"end":{"line":99,"column":44}}},"17":{"name":"(anonymous_17)","line":100,"loc":{"start":{"line":100,"column":23},"end":{"line":100,"column":34}}},"18":{"name":"(anonymous_18)","line":110,"loc":{"start":{"line":110,"column":41},"end":{"line":110,"column":52}}},"19":{"name":"(anonymous_19)","line":112,"loc":{"start":{"line":112,"column":24},"end":{"line":112,"column":35}}},"20":{"name":"(anonymous_20)","line":113,"loc":{"start":{"line":113,"column":23},"end":{"line":113,"column":34}}},"21":{"name":"(anonymous_21)","line":119,"loc":{"start":{"line":119,"column":43},"end":{"line":119,"column":54}}},"22":{"name":"(anonymous_22)","line":121,"loc":{"start":{"line":121,"column":24},"end":{"line":121,"column":35}}},"23":{"name":"(anonymous_23)","line":122,"loc":{"start":{"line":122,"column":23},"end":{"line":122,"column":34}}},"24":{"name":"(anonymous_24)","line":128,"loc":{"start":{"line":128,"column":86},"end":{"line":128,"column":97}}},"25":{"name":"(anonymous_25)","line":129,"loc":{"start":{"line":129,"column":36},"end":{"line":129,"column":47}}},"26":{"name":"(anonymous_26)","line":130,"loc":{"start":{"line":130,"column":23},"end":{"line":130,"column":34}}},"27":{"name":"(anonymous_27)","line":135,"loc":{"start":{"line":135,"column":44},"end":{"line":135,"column":55}}},"28":{"name":"(anonymous_28)","line":136,"loc":{"start":{"line":136,"column":31},"end":{"line":136,"column":42}}}},"statementMap":{"1":{"start":{"line":1,"column":0},"end":{"line":144,"column":3}},"2":{"start":{"line":2,"column":4},"end":{"line":2,"column":43}},"3":{"start":{"line":4,"column":4},"end":{"line":15,"column":7}},"4":{"start":{"line":5,"column":8},"end":{"line":5,"column":27}},"5":{"start":{"line":6,"column":8},"end":{"line":6,"column":57}},"6":{"start":{"line":7,"column":8},"end":{"line":7,"column":50}},"7":{"start":{"line":9,"column":8},"end":{"line":9,"column":26}},"8":{"start":{"line":10,"column":8},"end":{"line":10,"column":88}},"9":{"start":{"line":12,"column":8},"end":{"line":14,"column":9}},"10":{"start":{"line":13,"column":12},"end":{"line":13,"column":85}},"11":{"start":{"line":14,"column":10},"end":{"line":14,"column":31}},"12":{"start":{"line":17,"column":4},"end":{"line":19,"column":6}},"13":{"start":{"line":18,"column":8},"end":{"line":18,"column":62}},"14":{"start":{"line":21,"column":4},"end":{"line":40,"column":6}},"15":{"start":{"line":23,"column":8},"end":{"line":23,"column":55}},"16":{"start":{"line":24,"column":8},"end":{"line":24,"column":58}},"17":{"start":{"line":27,"column":8},"end":{"line":27,"column":55}},"18":{"start":{"line":28,"column":8},"end":{"line":28,"column":41}},"19":{"start":{"line":31,"column":8},"end":{"line":31,"column":56}},"20":{"start":{"line":32,"column":8},"end":{"line":39,"column":11}},"21":{"start":{"line":33,"column":12},"end":{"line":38,"column":21}},"22":{"start":{"line":34,"column":16},"end":{"line":34,"column":73}},"23":{"start":{"line":36,"column":16},"end":{"line":36,"column":85}},"24":{"start":{"line":37,"column":16},"end":{"line":37,"column":57}},"25":{"start":{"line":42,"column":4},"end":{"line":89,"column":6}},"26":{"start":{"line":43,"column":8},"end":{"line":43,"column":25}},"27":{"start":{"line":45,"column":8},"end":{"line":45,"column":33}},"28":{"start":{"line":47,"column":8},"end":{"line":47,"column":60}},"29":{"start":{"line":48,"column":8},"end":{"line":48,"column":58}},"30":{"start":{"line":49,"column":8},"end":{"line":49,"column":55}},"31":{"start":{"line":50,"column":8},"end":{"line":50,"column":58}},"32":{"start":{"line":52,"column":8},"end":{"line":52,"column":41}},"33":{"start":{"line":53,"column":8},"end":{"line":53,"column":36}},"34":{"start":{"line":54,"column":8},"end":{"line":54,"column":36}},"35":{"start":{"line":55,"column":8},"end":{"line":55,"column":32}},"36":{"start":{"line":57,"column":8},"end":{"line":57,"column":62}},"37":{"start":{"line":58,"column":8},"end":{"line":62,"column":11}},"38":{"start":{"line":59,"column":12},"end":{"line":61,"column":21}},"39":{"start":{"line":60,"column":16},"end":{"line":60,"column":71}},"40":{"start":{"line":64,"column":8},"end":{"line":64,"column":58}},"41":{"start":{"line":65,"column":8},"end":{"line":72,"column":11}},"42":{"start":{"line":66,"column":12},"end":{"line":71,"column":21}},"43":{"start":{"line":67,"column":16},"end":{"line":67,"column":63}},"44":{"start":{"line":68,"column":16},"end":{"line":70,"column":18}},"45":{"start":{"line":69,"column":20},"end":{"line":69,"column":74}},"46":{"start":{"line":74,"column":8},"end":{"line":74,"column":55}},"47":{"start":{"line":75,"column":8},"end":{"line":75,"column":58}},"48":{"start":{"line":77,"column":8},"end":{"line":77,"column":36}},"49":{"start":{"line":78,"column":8},"end":{"line":78,"column":32}},"50":{"start":{"line":80,"column":8},"end":{"line":80,"column":56}},"51":{"start":{"line":81,"column":8},"end":{"line":88,"column":11}},"52":{"start":{"line":82,"column":12},"end":{"line":87,"column":21}},"53":{"start":{"line":83,"column":16},"end":{"line":83,"column":73}},"54":{"start":{"line":85,"column":16},"end":{"line":85,"column":85}},"55":{"start":{"line":86,"column":16},"end":{"line":86,"column":57}},"56":{"start":{"line":91,"column":4},"end":{"line":108,"column":6}},"57":{"start":{"line":92,"column":8},"end":{"line":92,"column":55}},"58":{"start":{"line":93,"column":8},"end":{"line":93,"column":58}},"59":{"start":{"line":95,"column":8},"end":{"line":95,"column":45}},"60":{"start":{"line":96,"column":8},"end":{"line":96,"column":38}},"61":{"start":{"line":98,"column":8},"end":{"line":98,"column":56}},"62":{"start":{"line":99,"column":8},"end":{"line":107,"column":11}},"63":{"start":{"line":100,"column":12},"end":{"line":106,"column":21}},"64":{"start":{"line":101,"column":16},"end":{"line":101,"column":71}},"65":{"start":{"line":103,"column":16},"end":{"line":103,"column":68}},"66":{"start":{"line":104,"column":16},"end":{"line":104,"column":34}},"67":{"start":{"line":105,"column":16},"end":{"line":105,"column":43}},"68":{"start":{"line":110,"column":4},"end":{"line":117,"column":6}},"69":{"start":{"line":111,"column":8},"end":{"line":111,"column":48}},"70":{"start":{"line":112,"column":8},"end":{"line":116,"column":11}},"71":{"start":{"line":113,"column":12},"end":{"line":115,"column":21}},"72":{"start":{"line":114,"column":16},"end":{"line":114,"column":71}},"73":{"start":{"line":119,"column":4},"end":{"line":126,"column":6}},"74":{"start":{"line":120,"column":8},"end":{"line":120,"column":50}},"75":{"start":{"line":121,"column":8},"end":{"line":125,"column":11}},"76":{"start":{"line":122,"column":12},"end":{"line":124,"column":21}},"77":{"start":{"line":123,"column":16},"end":{"line":123,"column":71}},"78":{"start":{"line":128,"column":4},"end":{"line":143,"column":7}},"79":{"start":{"line":129,"column":8},"end":{"line":142,"column":11}},"80":{"start":{"line":130,"column":12},"end":{"line":141,"column":21}},"81":{"start":{"line":131,"column":16},"end":{"line":131,"column":60}},"82":{"start":{"line":132,"column":16},"end":{"line":132,"column":60}},"83":{"start":{"line":134,"column":16},"end":{"line":134,"column":70}},"84":{"start":{"line":135,"column":16},"end":{"line":140,"column":19}},"85":{"start":{"line":136,"column":20},"end":{"line":139,"column":29}},"86":{"start":{"line":137,"column":24},"end":{"line":137,"column":93}},"87":{"start":{"line":138,"column":24},"end":{"line":138,"column":65}}},"branchMap":{}}}